# JRE version: Java(TM) SE Runtime Environment 18.9 (11.0.18+9) (build 11.0.18+9-LTS-195)
# Java VM: Java HotSpot(TM) 64-Bit Server VM 18.9 (11.0.18+9-LTS-195, mixed mode, tiered, compressed oops, g1 gc, windows-amd64)
Heap:
 garbage-first heap   total 262144K, used 143584K [0x00000000e0000000, 0x0000000100000000)
  region size 1024K, 127 young (130048K), 17 survivors (17408K)
 Metaspace       used 54397K, capacity 56201K, committed 56368K, reserved 303104K
  class space    used 7255K, capacity 7984K, committed 8064K, reserved 253952K
GC Heap History (10 events):
Event: 3.244 GC heap before
{Heap before GC invocations=4 (full 0):
 garbage-first heap   total 262144K, used 22066K [0x00000000e0000000, 0x0000000100000000)
  region size 1024K, 8 young (8192K), 3 survivors (3072K)
 Metaspace       used 20760K, capacity 21176K, committed 21296K, reserved 274432K
  class space    used 2524K, capacity 2688K, committed 2688K, reserved 253952K
}
Event: 3.250 GC heap after
{Heap after GC invocations=5 (full 0):
 garbage-first heap   total 262144K, used 18185K [0x00000000e0000000, 0x0000000100000000)
  region size 1024K, 3 young (3072K), 3 survivors (3072K)
 Metaspace       used 20760K, capacity 21176K, committed 21296K, reserved 274432K
  class space    used 2524K, capacity 2688K, committed 2688K, reserved 253952K
}
Event: 4.125 GC heap before
{Heap before GC invocations=6 (full 0):
 garbage-first heap   total 262144K, used 70409K [0x00000000e0000000, 0x0000000100000000)
  region size 1024K, 54 young (55296K), 3 survivors (3072K)
 Metaspace       used 24897K, capacity 25435K, committed 25648K, reserved 276480K
  class space    used 3237K, capacity 3453K, committed 3456K, reserved 253952K
}
Event: 4.133 GC heap after
{Heap after GC invocations=7 (full 0):
 garbage-first heap   total 262144K, used 19896K [0x00000000e0000000, 0x0000000100000000)
  region size 1024K, 5 young (5120K), 5 survivors (5120K)
 Metaspace       used 24897K, capacity 25435K, committed 25648K, reserved 276480K
  class space    used 3237K, capacity 3453K, committed 3456K, reserved 253952K
}
Event: 5.575 GC heap before
{Heap before GC invocations=7 (full 0):
 garbage-first heap   total 262144K, used 96696K [0x00000000e0000000, 0x0000000100000000)
  region size 1024K, 80 young (81920K), 5 survivors (5120K)
 Metaspace       used 33214K, capacity 34120K, committed 34352K, reserved 284672K
  class space    used 4510K, capacity 4871K, committed 4992K, reserved 253952K
}
Event: 5.587 GC heap after
{Heap after GC invocations=8 (full 0):
 garbage-first heap   total 262144K, used 22678K [0x00000000e0000000, 0x0000000100000000)
  region size 1024K, 8 young (8192K), 8 survivors (8192K)
 Metaspace       used 33214K, capacity 34120K, committed 34352K, reserved 284672K
  class space    used 4510K, capacity 4871K, committed 4992K, reserved 253952K
}
Event: 5.976 GC heap before
{Heap before GC invocations=8 (full 0):
 garbage-first heap   total 262144K, used 28822K [0x00000000e0000000, 0x0000000100000000)
  region size 1024K, 15 young (15360K), 8 survivors (8192K)
 Metaspace       used 34670K, capacity 35541K, committed 35632K, reserved 284672K
  class space    used 4609K, capacity 4961K, committed 4992K, reserved 253952K
}
Event: 5.988 GC heap after
{Heap after GC invocations=9 (full 0):
 garbage-first heap   total 262144K, used 23305K [0x00000000e0000000, 0x0000000100000000)
  region size 1024K, 8 young (8192K), 8 survivors (8192K)
 Metaspace       used 34670K, capacity 35541K, committed 35632K, reserved 284672K
  class space    used 4609K, capacity 4961K, committed 4992K, reserved 253952K
}
Event: 9.518 GC heap before
{Heap before GC invocations=10 (full 0):
 garbage-first heap   total 262144K, used 156425K [0x00000000e0000000, 0x0000000100000000)
  region size 1024K, 135 young (138240K), 8 survivors (8192K)
 Metaspace       used 48359K, capacity 49645K, committed 49840K, reserved 296960K
  class space    used 6302K, capacity 6831K, committed 6912K, reserved 253952K
}
Event: 9.552 GC heap after
{Heap after GC invocations=11 (full 0):
 garbage-first heap   total 262144K, used 31968K [0x00000000e0000000, 0x0000000100000000)
  region size 1024K, 17 young (17408K), 17 survivors (17408K)
 Metaspace       used 48359K, capacity 49645K, committed 49840K, reserved 296960K
  class space    used 6302K, capacity 6831K, committed 6912K, reserved 253952K
}

